0 info it worked if it ends with ok
1 verbose cli [ 'node', '/usr/local/bin/npm', 'install', 'js-yalm' ]
2 info using npm@1.4.28
3 info using node@v0.10.36
4 verbose cache add [ 'js-yalm', null ]
5 verbose cache add name=undefined spec="js-yalm" args=["js-yalm",null]
6 verbose parsed url { protocol: null,
6 verbose parsed url   slashes: null,
6 verbose parsed url   auth: null,
6 verbose parsed url   host: null,
6 verbose parsed url   port: null,
6 verbose parsed url   hostname: null,
6 verbose parsed url   hash: null,
6 verbose parsed url   search: null,
6 verbose parsed url   query: null,
6 verbose parsed url   pathname: 'js-yalm',
6 verbose parsed url   path: 'js-yalm',
6 verbose parsed url   href: 'js-yalm' }
7 silly lockFile 5c9b3b0f-js-yalm js-yalm
8 verbose lock js-yalm /Users/imileshin/.npm/5c9b3b0f-js-yalm.lock
9 silly lockFile 5c9b3b0f-js-yalm js-yalm
10 silly lockFile 5c9b3b0f-js-yalm js-yalm
11 verbose addNamed [ 'js-yalm', '' ]
12 verbose addNamed [ null, '*' ]
13 silly lockFile 2e09e013-js-yalm js-yalm@
14 verbose lock js-yalm@ /Users/imileshin/.npm/2e09e013-js-yalm.lock
15 silly addNameRange { name: 'js-yalm', range: '*', hasData: false }
16 verbose request where is /js-yalm
17 verbose request registry https://registry.npmjs.org/
18 verbose request id dcc81af3962588c4
19 verbose url raw /js-yalm
20 verbose url resolving [ 'https://registry.npmjs.org/', './js-yalm' ]
21 verbose url resolved https://registry.npmjs.org/js-yalm
22 verbose request where is https://registry.npmjs.org/js-yalm
23 info trying registry request attempt 1 at 14:00:12
24 http GET https://registry.npmjs.org/js-yalm
25 http 404 https://registry.npmjs.org/js-yalm
26 verbose headers { date: 'Mon, 09 Feb 2015 19:00:03 GMT',
26 verbose headers   server: 'CouchDB/1.5.0 (Erlang OTP/R16B03)',
26 verbose headers   'content-type': 'application/json',
26 verbose headers   'cache-control': 'max-age=0',
26 verbose headers   'content-length': '52',
26 verbose headers   'accept-ranges': 'bytes',
26 verbose headers   via: '1.1 varnish',
26 verbose headers   age: '0',
26 verbose headers   'x-served-by': 'cache-iad2129-IAD',
26 verbose headers   'x-cache': 'MISS',
26 verbose headers   'x-cache-hits': '0',
26 verbose headers   'x-timer': 'S1423508403.247058,VS0,VE56',
26 verbose headers   'keep-alive': 'timeout=10, max=50',
26 verbose headers   connection: 'Keep-Alive' }
27 silly registry.get cb [ 404,
27 silly registry.get   { date: 'Mon, 09 Feb 2015 19:00:03 GMT',
27 silly registry.get     server: 'CouchDB/1.5.0 (Erlang OTP/R16B03)',
27 silly registry.get     'content-type': 'application/json',
27 silly registry.get     'cache-control': 'max-age=0',
27 silly registry.get     'content-length': '52',
27 silly registry.get     'accept-ranges': 'bytes',
27 silly registry.get     via: '1.1 varnish',
27 silly registry.get     age: '0',
27 silly registry.get     'x-served-by': 'cache-iad2129-IAD',
27 silly registry.get     'x-cache': 'MISS',
27 silly registry.get     'x-cache-hits': '0',
27 silly registry.get     'x-timer': 'S1423508403.247058,VS0,VE56',
27 silly registry.get     'keep-alive': 'timeout=10, max=50',
27 silly registry.get     connection: 'Keep-Alive' } ]
28 silly lockFile 2e09e013-js-yalm js-yalm@
29 silly lockFile 2e09e013-js-yalm js-yalm@
30 error 404 404 Not Found: js-yalm
30 error 404
30 error 404 'js-yalm' is not in the npm registry.
30 error 404 You should bug the author to publish it
30 error 404
30 error 404 Note that you can also install from a
30 error 404 tarball, folder, or http url, or git url.
31 error System Darwin 14.1.0
32 error command "node" "/usr/local/bin/npm" "install" "js-yalm"
33 error cwd /Users/imileshin/Desktop/Websites/roselleautoservices/roselleautoservices.github.io
34 error node -v v0.10.36
35 error npm -v 1.4.28
36 error code E404
37 verbose exit [ 1, true ]
